Using pre-set license
Built from '2021.3/staging' branch; Version is '2021.3.5f1 (40eb3a945986) revision 4254522'; Using compiler version '192829333'; Build Type 'Release'
OS: 'Windows 11  (10.0.22623) 64bit CoreCountrySpecific' Language: 'zh' Physical Memory: 32627 MB
BatchMode: 1, IsHumanControllingUs: 0, StartBugReporterOnCrash: 0, Is64bit: 1, IsPro: 1

COMMAND LINE ARGUMENTS:
C:\Program Files\Unity\Hub\Editor\2021.3.5f1\Editor\Unity.exe
-adb2
-batchMode
-noUpm
-name
AssetImportWorker0
-projectPath
C:/Users/xyz23/桌面/V4/Warped Soup Project
-logFile
Logs/AssetImportWorker0.log
-srvPort
55102
Successfully changed project path to: C:/Users/xyz23/桌面/V4/Warped Soup Project
C:/Users/xyz23/桌面/V4/Warped Soup Project
[UnityMemory] Configuration Parameters - Can be set up in boot.config
    "memorysetup-bucket-allocator-granularity=16"
    "memorysetup-bucket-allocator-bucket-count=8"
    "memorysetup-bucket-allocator-block-size=33554432"
    "memorysetup-bucket-allocator-block-count=8"
    "memorysetup-main-allocator-block-size=16777216"
    "memorysetup-thread-allocator-block-size=16777216"
    "memorysetup-gfx-main-allocator-block-size=16777216"
    "memorysetup-gfx-thread-allocator-block-size=16777216"
    "memorysetup-cache-allocator-block-size=4194304"
    "memorysetup-typetree-allocator-block-size=2097152"
    "memorysetup-profiler-bucket-allocator-granularity=16"
    "memorysetup-profiler-bucket-allocator-bucket-count=8"
    "memorysetup-profiler-bucket-allocator-block-size=33554432"
    "memorysetup-profiler-bucket-allocator-block-count=8"
    "memorysetup-profiler-allocator-block-size=16777216"
    "memorysetup-profiler-editor-allocator-block-size=1048576"
    "memorysetup-temp-allocator-size-main=16777216"
    "memorysetup-job-temp-allocator-block-size=2097152"
    "memorysetup-job-temp-allocator-block-size-background=1048576"
    "memorysetup-job-temp-allocator-reduction-small-platforms=262144"
    "memorysetup-temp-allocator-size-background-worker=32768"
    "memorysetup-temp-allocator-size-job-worker=262144"
    "memorysetup-temp-allocator-size-preload-manager=33554432"
    "memorysetup-temp-allocator-size-nav-mesh-worker=65536"
    "memorysetup-temp-allocator-size-audio-worker=65536"
    "memorysetup-temp-allocator-size-cloud-worker=32768"
    "memorysetup-temp-allocator-size-gi-baking-worker=262144"
    "memorysetup-temp-allocator-size-gfx=262144"
Refreshing native plugins compatible for Editor in 54.08 ms, found 3 plugins.
Preloading 0 native plugins for Editor in 0.00 ms.
Initialize engine version: 2021.3.5f1 (40eb3a945986)
[Subsystems] Discovering subsystems at path C:/Program Files/Unity/Hub/Editor/2021.3.5f1/Editor/Data/Resources/UnitySubsystems
[Subsystems] Discovering subsystems at path C:/Users/xyz23/桌面/V4/Warped Soup Project/Assets
GfxDevice: creating device client; threaded=0; jobified=0
Direct3D:
    Version:  Direct3D 11.0 [level 11.1]
    Renderer: NVIDIA GeForce RTX 3070 (ID=0x2488)
    Vendor:   NVIDIA
    VRAM:     8043 MB
    Driver:   31.0.15.1748
Initialize mono
Mono path[0] = 'C:/Program Files/Unity/Hub/Editor/2021.3.5f1/Editor/Data/Managed'
Mono path[1] = 'C:/Program Files/Unity/Hub/Editor/2021.3.5f1/Editor/Data/MonoBleedingEdge/lib/mono/unityjit-win32'
Mono config path = 'C:/Program Files/Unity/Hub/Editor/2021.3.5f1/Editor/Data/MonoBleedingEdge/etc'
Using monoOptions --debugger-agent=transport=dt_socket,embedding=1,server=y,suspend=n,address=127.0.0.1:56428
Begin MonoManager ReloadAssembly
Registering precompiled unity dll's ...
Register platform support module: C:/Program Files/Unity/Hub/Editor/2021.3.5f1/Editor/Data/PlaybackEngines/WebGLSupport/UnityEditor.WebGL.Extensions.dll
Register platform support module: C:/Program Files/Unity/Hub/Editor/2021.3.5f1/Editor/Data/PlaybackEngines/WindowsStandaloneSupport/UnityEditor.WindowsStandalone.Extensions.dll
Registered in 0.002388 seconds.
Native extension for WindowsStandalone target not found
Native extension for WebGL target not found
Refreshing native plugins compatible for Editor in 51.86 ms, found 3 plugins.
Preloading 0 native plugins for Editor in 0.00 ms.
Mono: successfully reloaded assembly
- Completed reload, in  0.422 seconds
Domain Reload Profiling:
	ReloadAssembly (422ms)
		BeginReloadAssembly (48ms)
			ExecutionOrderSort (0ms)
			DisableScriptedObjects (0ms)
			BackupInstance (0ms)
			ReleaseScriptingObjects (0ms)
			CreateAndSetChildDomain (1ms)
		EndReloadAssembly (304ms)
			LoadAssemblies (47ms)
			RebuildTransferFunctionScriptingTraits (0ms)
			SetupTypeCache (70ms)
			ReleaseScriptCaches (0ms)
			RebuildScriptCaches (22ms)
			SetupLoadedEditorAssemblies (177ms)
				LogAssemblyErrors (0ms)
				InitializePlatformSupportModulesInManaged (7ms)
				SetLoadedEditorAssemblies (0ms)
				RefreshPlugins (52ms)
				BeforeProcessingInitializeOnLoad (1ms)
				ProcessInitializeOnLoadAttributes (86ms)
				ProcessInitializeOnLoadMethodAttributes (32ms)
				AfterProcessingInitializeOnLoad (0ms)
				EditorAssembliesLoaded (0ms)
			ExecutionOrderSort2 (0ms)
			AwakeInstancesAfterBackupRestoration (0ms)
Platform modules already initialized, skipping
Registering precompiled user dll's ...
Registered in 0.002732 seconds.
Begin MonoManager ReloadAssembly
Symbol file LoadedFromMemory doesn't match image C:\Users\xyz23\桌面\V4\Warped Soup Project\Library\PackageCache\com.unity.visualscripting@1.7.8\Editor\VisualScripting.Core\Dependencies\YamlDotNet\Unity.VisualScripting.YamlDotNet.dll
Symbol file LoadedFromMemory doesn't match image C:\Users\xyz23\桌面\V4\Warped Soup Project\Library\PackageCache\com.unity.visualscripting@1.7.8\Editor\VisualScripting.Core\Dependencies\DotNetZip\Unity.VisualScripting.IonicZip.dll
Native extension for WindowsStandalone target not found
Native extension for WebGL target not found
Refreshing native plugins compatible for Editor in 50.49 ms, found 3 plugins.
Preloading 0 native plugins for Editor in 0.00 ms.
Mono: successfully reloaded assembly
- Completed reload, in  0.772 seconds
Domain Reload Profiling:
	ReloadAssembly (772ms)
		BeginReloadAssembly (76ms)
			ExecutionOrderSort (0ms)
			DisableScriptedObjects (4ms)
			BackupInstance (0ms)
			ReleaseScriptingObjects (0ms)
			CreateAndSetChildDomain (13ms)
		EndReloadAssembly (618ms)
			LoadAssemblies (49ms)
			RebuildTransferFunctionScriptingTraits (0ms)
			SetupTypeCache (186ms)
			ReleaseScriptCaches (0ms)
			RebuildScriptCaches (35ms)
			SetupLoadedEditorAssemblies (316ms)
				LogAssemblyErrors (0ms)
				InitializePlatformSupportModulesInManaged (3ms)
				SetLoadedEditorAssemblies (0ms)
				RefreshPlugins (51ms)
				BeforeProcessingInitializeOnLoad (53ms)
				ProcessInitializeOnLoadAttributes (191ms)
				ProcessInitializeOnLoadMethodAttributes (16ms)
				AfterProcessingInitializeOnLoad (3ms)
				EditorAssembliesLoaded (0ms)
			ExecutionOrderSort2 (0ms)
			AwakeInstancesAfterBackupRestoration (4ms)
Platform modules already initialized, skipping
========================================================================
Worker process is ready to serve import requests
Launched and connected shader compiler UnityShaderCompiler.exe after 0.02 seconds
Refreshing native plugins compatible for Editor in 1.08 ms, found 3 plugins.
Preloading 0 native plugins for Editor in 0.00 ms.
Unloading 3733 Unused Serialized files (Serialized files now loaded: 0)
Unloading 28 unused Assets / (55.4 KB). Loaded Objects now: 4191.
Memory consumption went from 133.2 MB to 133.1 MB.
Total: 2.771600 ms (FindLiveObjects: 0.310300 ms CreateObjectMapping: 0.128300 ms MarkObjects: 2.219600 ms  DeleteObjects: 0.112000 ms)

AssetImportParameters requested are different than current active one (requested -> active):
  custom:video-decoder-ogg-theora: a1e56fd34408186e4bbccfd4996cb3dc -> 
  custom:container-muxer-webm: aa71ff27fc2769a1b78a27578f13a17b -> 
  custom:container-demuxer-webm: 4f35f7cbe854078d1ac9338744f61a02 -> 
  custom:video-encoder-webm-vp8: eb34c28f22e8b96e1ab97ce403110664 -> 
  custom:audio-encoder-webm-vorbis: bf7c407c2cedff20999df2af8eb42d56 -> 
  custom:framework-win-MediaFoundation: 216162199b28c13a410421893ffa2e32 -> 
  custom:container-demuxer-ogg: 62fdf1f143b41e24485cea50d1cbac27 -> 
  custom:video-decoder-webm-vp8: 9c59270c3fd7afecdb556c50c9e8de78 -> 
  custom:audio-decoder-ogg-vorbis: bf7c407c2cedff20999df2af8eb42d56 -> 
========================================================================
Received Import Request.
  Time since last request: 1160.733854 seconds.
  path: Assets/InputSystem.inputsettings.asset
  artifactKey: Guid(3dcec9ea0954abd4787d740e21233552) Importer(815301076,1909f56bfc062723c751e8b465ee728b)
Start importing Assets/InputSystem.inputsettings.asset using Guid(3dcec9ea0954abd4787d740e21233552) Importer(815301076,1909f56bfc062723c751e8b465ee728b)  -> (artifact id: 'fc875e5cffe10c53ab13ceef65a9f4f5') in 0.029735 seconds 
========================================================================
Received Import Request.
  Time since last request: 345.689491 seconds.
  path: Assets/StreamingAssets
  artifactKey: Guid(b26d2e249fda1314f9c50361beaf4a67) Importer(815301076,1909f56bfc062723c751e8b465ee728b)
Start importing Assets/StreamingAssets using Guid(b26d2e249fda1314f9c50361beaf4a67) Importer(815301076,1909f56bfc062723c751e8b465ee728b)  -> (artifact id: 'b08f5cfc0b291552167ac9fb563f89e8') in 0.004017 seconds 
========================================================================
Received Import Request.
  Time since last request: 1.332606 seconds.
  path: Assets/Animations
  artifactKey: Guid(3a62a920ab042ff4d8349e2c84fa5965) Importer(815301076,1909f56bfc062723c751e8b465ee728b)
Start importing Assets/Animations using Guid(3a62a920ab042ff4d8349e2c84fa5965) Importer(815301076,1909f56bfc062723c751e8b465ee728b)  -> (artifact id: 'c5b6371bc60ce5af24ac1bedf5fd4fbd') in 0.004628 seconds 
========================================================================
Received Import Request.
  Time since last request: 2.923349 seconds.
  path: Assets/ScriptableObject
  artifactKey: Guid(24cebcb637c30d64f93d1f30a0d772a5) Importer(815301076,1909f56bfc062723c751e8b465ee728b)
Start importing Assets/ScriptableObject using Guid(24cebcb637c30d64f93d1f30a0d772a5) Importer(815301076,1909f56bfc062723c751e8b465ee728b)  -> (artifact id: '4eabc4d66b6cf8956279659a10e4fd4a') in 0.003972 seconds 
========================================================================
Received Import Request.
  Time since last request: 1.789244 seconds.
  path: Assets/ScriptableObject/Inventory
  artifactKey: Guid(da58f55ae1eba4f48905a5de2b59de1e) Importer(815301076,1909f56bfc062723c751e8b465ee728b)
Start importing Assets/ScriptableObject/Inventory using Guid(da58f55ae1eba4f48905a5de2b59de1e) Importer(815301076,1909f56bfc062723c751e8b465ee728b)  -> (artifact id: '19441c2772e5b56701ef92443c50428f') in 0.004618 seconds 
========================================================================
Received Import Request.
  Time since last request: 0.072484 seconds.
  path: Assets/ScriptableObject/Inventory/Player1 Inventory.asset
  artifactKey: Guid(f891bd6daae8ca64baa26097de3cdb45) Importer(815301076,1909f56bfc062723c751e8b465ee728b)
Start importing Assets/ScriptableObject/Inventory/Player1 Inventory.asset using Guid(f891bd6daae8ca64baa26097de3cdb45) Importer(815301076,1909f56bfc062723c751e8b465ee728b)  -> (artifact id: 'b57e3521a0662a85d7fce82f75011641') in 0.013492 seconds 
========================================================================
Received Import Request.
  Time since last request: 0.000020 seconds.
  path: Assets/ScriptableObject/Inventory/Player3 Inventory.asset
  artifactKey: Guid(969a5b632cc5174428f24969410586dd) Importer(815301076,1909f56bfc062723c751e8b465ee728b)
Start importing Assets/ScriptableObject/Inventory/Player3 Inventory.asset using Guid(969a5b632cc5174428f24969410586dd) Importer(815301076,1909f56bfc062723c751e8b465ee728b)  -> (artifact id: '74d9d5d1b9c0183388b6e4d2e859eb18') in 0.005272 seconds 
========================================================================
Received Import Request.
  Time since last request: 5.752336 seconds.
  path: Assets/ScriptableObject/items
  artifactKey: Guid(52dfee97c506c8142b8e24dc17099f6a) Importer(815301076,1909f56bfc062723c751e8b465ee728b)
Start importing Assets/ScriptableObject/items using Guid(52dfee97c506c8142b8e24dc17099f6a) Importer(815301076,1909f56bfc062723c751e8b465ee728b)  -> (artifact id: '811e95ae8436fb716da2ee5b535b1a41') in 0.005123 seconds 
========================================================================
Received Import Request.
  Time since last request: 0.042178 seconds.
  path: Assets/ScriptableObject/items/Calamari.asset
  artifactKey: Guid(69ee29ec45bdc8d4fa79cfa7de7af5b4) Importer(815301076,1909f56bfc062723c751e8b465ee728b)
Start importing Assets/ScriptableObject/items/Calamari.asset using Guid(69ee29ec45bdc8d4fa79cfa7de7af5b4) Importer(815301076,1909f56bfc062723c751e8b465ee728b)  -> (artifact id: '51ad3e98349d909fd8f18269f53d02fd') in 0.004727 seconds 
========================================================================
Received Import Request.
  Time since last request: 0.001663 seconds.
  path: Assets/ScriptableObject/items/EyeRoot.asset
  artifactKey: Guid(b4c010df65840c440a90ad7a9e5693be) Importer(815301076,1909f56bfc062723c751e8b465ee728b)
Start importing Assets/ScriptableObject/items/EyeRoot.asset using Guid(b4c010df65840c440a90ad7a9e5693be) Importer(815301076,1909f56bfc062723c751e8b465ee728b)  -> (artifact id: '855de45b3147893e375a474ef5909b2d') in 0.004572 seconds 
========================================================================
Received Import Request.
  Time since last request: 0.000017 seconds.
  path: Assets/ScriptableObject/items/HydraBlood.asset
  artifactKey: Guid(c3815d4e041bdc84e8a48e2197612148) Importer(815301076,1909f56bfc062723c751e8b465ee728b)
Start importing Assets/ScriptableObject/items/HydraBlood.asset using Guid(c3815d4e041bdc84e8a48e2197612148) Importer(815301076,1909f56bfc062723c751e8b465ee728b)  -> (artifact id: '19f8139241d99aff13e0d0a5f39f241d') in 0.006689 seconds 
========================================================================
Received Import Request.
  Time since last request: 0.000023 seconds.
  path: Assets/ScriptableObject/items/ManticoreTail.asset
  artifactKey: Guid(c0e5d95c1c3225043b07aa757294f5f8) Importer(815301076,1909f56bfc062723c751e8b465ee728b)
Start importing Assets/ScriptableObject/items/ManticoreTail.asset using Guid(c0e5d95c1c3225043b07aa757294f5f8) Importer(815301076,1909f56bfc062723c751e8b465ee728b)  -> (artifact id: 'e5f6de9a028ffda2e62b5baf1c104348') in 0.005529 seconds 
========================================================================
Received Import Request.
  Time since last request: 0.000017 seconds.
  path: Assets/ScriptableObject/items/RedSpice.asset
  artifactKey: Guid(67a5c57b092981f47845ba9fc62649bf) Importer(815301076,1909f56bfc062723c751e8b465ee728b)
Start importing Assets/ScriptableObject/items/RedSpice.asset using Guid(67a5c57b092981f47845ba9fc62649bf) Importer(815301076,1909f56bfc062723c751e8b465ee728b)  -> (artifact id: 'd862d33efaf3ace26d8d4d2886598324') in 0.004582 seconds 
========================================================================
Received Import Request.
  Time since last request: 0.000018 seconds.
  path: Assets/ScriptableObject/items/SneezingHerb.asset
  artifactKey: Guid(5be042b7e83730d47a571b0d6adbb933) Importer(815301076,1909f56bfc062723c751e8b465ee728b)
Start importing Assets/ScriptableObject/items/SneezingHerb.asset using Guid(5be042b7e83730d47a571b0d6adbb933) Importer(815301076,1909f56bfc062723c751e8b465ee728b)  -> (artifact id: 'd4ceac61c434efa0ce285923710a7157') in 0.004568 seconds 
========================================================================
Received Import Request.
  Time since last request: 0.000019 seconds.
  path: Assets/ScriptableObject/items/LongGrass.asset
  artifactKey: Guid(33df90299145f0d4d96c7e279faa8e23) Importer(815301076,1909f56bfc062723c751e8b465ee728b)
Start importing Assets/ScriptableObject/items/LongGrass.asset using Guid(33df90299145f0d4d96c7e279faa8e23) Importer(815301076,1909f56bfc062723c751e8b465ee728b)  -> (artifact id: '58bc5e8092dd9ea89aee71d5cb27c0b7') in 0.006081 seconds 
========================================================================
Received Import Request.
  Time since last request: 0.000018 seconds.
  path: Assets/ScriptableObject/items/OceansEssence.asset
  artifactKey: Guid(d09822f2a94e8cd419b9eec87a7c4835) Importer(815301076,1909f56bfc062723c751e8b465ee728b)
Start importing Assets/ScriptableObject/items/OceansEssence.asset using Guid(d09822f2a94e8cd419b9eec87a7c4835) Importer(815301076,1909f56bfc062723c751e8b465ee728b)  -> (artifact id: '3d80b87bafe3b230e0aee2e24b9f4ba6') in 0.003960 seconds 
========================================================================
Received Import Request.
  Time since last request: 5.362281 seconds.
  path: Assets/Prefabs/SoupIngredients/Calamari.prefab
  artifactKey: Guid(e76a4f07d455c6c45ad70108351ea659) Importer(815301076,1909f56bfc062723c751e8b465ee728b)
Start importing Assets/Prefabs/SoupIngredients/Calamari.prefab using Guid(e76a4f07d455c6c45ad70108351ea659) Importer(815301076,1909f56bfc062723c751e8b465ee728b)  -> (artifact id: 'fc799eba13128d3d03e65357d6fb6212') in 0.179571 seconds 
========================================================================
Received Import Request.
  Time since last request: 0.000021 seconds.
  path: Assets/Prefabs/SoupIngredients/RedSpice.fbx
  artifactKey: Guid(c191bdb359a813b4aac922c76c13305b) Importer(815301076,1909f56bfc062723c751e8b465ee728b)
Start importing Assets/Prefabs/SoupIngredients/RedSpice.fbx using Guid(c191bdb359a813b4aac922c76c13305b) Importer(815301076,1909f56bfc062723c751e8b465ee728b)  -> (artifact id: 'ae7d9bb3db303443060f699e270f52da') in 0.091672 seconds 
========================================================================
Received Import Request.
  Time since last request: 0.000024 seconds.
  path: Assets/Prefabs/SoupIngredients/GiantMushroomCap.fbx
  artifactKey: Guid(8da459d846900554ca112b9db02cb3e5) Importer(815301076,1909f56bfc062723c751e8b465ee728b)
Start importing Assets/Prefabs/SoupIngredients/GiantMushroomCap.fbx using Guid(8da459d846900554ca112b9db02cb3e5) Importer(815301076,1909f56bfc062723c751e8b465ee728b)  -> (artifact id: '9292a71fca389584f5a182c20a9cf69f') in 0.037083 seconds 
========================================================================
Received Import Request.
  Time since last request: 0.000028 seconds.
  path: Assets/Prefabs/SoupIngredients/LongGrass.prefab
  artifactKey: Guid(523cc34d0f39c264ab2300cd2e27d357) Importer(815301076,1909f56bfc062723c751e8b465ee728b)
Start importing Assets/Prefabs/SoupIngredients/LongGrass.prefab using Guid(523cc34d0f39c264ab2300cd2e27d357) Importer(815301076,1909f56bfc062723c751e8b465ee728b)  -> (artifact id: 'ce70506c79a3821a995b96f6f7d726a6') in 0.034772 seconds 
========================================================================
Received Import Request.
  Time since last request: 0.000037 seconds.
  path: Assets/Prefabs/SoupIngredients/OceansEssence.prefab
  artifactKey: Guid(808fa13424dab5f4b9e99bec6dd75e6a) Importer(815301076,1909f56bfc062723c751e8b465ee728b)
Start importing Assets/Prefabs/SoupIngredients/OceansEssence.prefab using Guid(808fa13424dab5f4b9e99bec6dd75e6a) Importer(815301076,1909f56bfc062723c751e8b465ee728b)  -> (artifact id: '39136ef54981719fdfe4b26bb2273dd9') in 0.028875 seconds 
========================================================================
Received Import Request.
  Time since last request: 0.000017 seconds.
  path: Assets/Prefabs/SoupIngredients/RedSpice.prefab
  artifactKey: Guid(22a3299ff3b662d4e8ce0758527116ed) Importer(815301076,1909f56bfc062723c751e8b465ee728b)
Start importing Assets/Prefabs/SoupIngredients/RedSpice.prefab using Guid(22a3299ff3b662d4e8ce0758527116ed) Importer(815301076,1909f56bfc062723c751e8b465ee728b)  -> (artifact id: '67d4a2fee96426bb560815fe266c74e2') in 0.035240 seconds 
========================================================================
Received Import Request.
  Time since last request: 0.000016 seconds.
  path: Assets/Prefabs/SoupIngredients/FireFruit.fbx
  artifactKey: Guid(21868e36a118d484e92dbc71ed5b3366) Importer(815301076,1909f56bfc062723c751e8b465ee728b)
Start importing Assets/Prefabs/SoupIngredients/FireFruit.fbx using Guid(21868e36a118d484e92dbc71ed5b3366) Importer(815301076,1909f56bfc062723c751e8b465ee728b)  -> (artifact id: '1e8f23a8ea8f25adf0bdb1680c3ee328') in 0.026686 seconds 
========================================================================
Received Import Request.
  Time since last request: 0.000042 seconds.
  path: Assets/Prefabs/SoupIngredients/MinotaurSteak.prefab
  artifactKey: Guid(54efefc497d7c2047accd225a86991b6) Importer(815301076,1909f56bfc062723c751e8b465ee728b)
Start importing Assets/Prefabs/SoupIngredients/MinotaurSteak.prefab using Guid(54efefc497d7c2047accd225a86991b6) Importer(815301076,1909f56bfc062723c751e8b465ee728b)  -> (artifact id: '5303977c03c89789a0e7f2cc69149839') in 0.010193 seconds 
========================================================================
Received Import Request.
  Time since last request: 0.000023 seconds.
  path: Assets/Prefabs/SoupIngredients/ManticoreTail.fbx
  artifactKey: Guid(7e724f7caf3e7204cb4cc7387867995a) Importer(815301076,1909f56bfc062723c751e8b465ee728b)
Start importing Assets/Prefabs/SoupIngredients/ManticoreTail.fbx using Guid(7e724f7caf3e7204cb4cc7387867995a) Importer(815301076,1909f56bfc062723c751e8b465ee728b)  -> (artifact id: 'f3820701e5d74c424de18f97655b8f50') in 0.021175 seconds 
========================================================================
Received Import Request.
  Time since last request: 0.000025 seconds.
  path: Assets/Prefabs/SoupIngredients/GreenLeaf.prefab
  artifactKey: Guid(bb824f46bc5dba042a495ca17baddb32) Importer(815301076,1909f56bfc062723c751e8b465ee728b)
Start importing Assets/Prefabs/SoupIngredients/GreenLeaf.prefab using Guid(bb824f46bc5dba042a495ca17baddb32) Importer(815301076,1909f56bfc062723c751e8b465ee728b)  -> (artifact id: '7235cb8ac3cada516618f732df456abd') in 0.009945 seconds 
========================================================================
Received Import Request.
  Time since last request: 0.000021 seconds.
  path: Assets/Prefabs/SoupIngredients/GiantMushroomCap.prefab
  artifactKey: Guid(185e4bb1d21a8754ab3a6851082e9601) Importer(815301076,1909f56bfc062723c751e8b465ee728b)
Start importing Assets/Prefabs/SoupIngredients/GiantMushroomCap.prefab using Guid(185e4bb1d21a8754ab3a6851082e9601) Importer(815301076,1909f56bfc062723c751e8b465ee728b)  -> (artifact id: 'd6cd0dbf7158b362af00168a61adce68') in 0.008351 seconds 
========================================================================
Received Import Request.
  Time since last request: 0.000024 seconds.
  path: Assets/Prefabs/SoupIngredients/LongGrass.fbx
  artifactKey: Guid(fb218e6a9769bb74f90aa460967b06c6) Importer(815301076,1909f56bfc062723c751e8b465ee728b)
Start importing Assets/Prefabs/SoupIngredients/LongGrass.fbx using Guid(fb218e6a9769bb74f90aa460967b06c6) Importer(815301076,1909f56bfc062723c751e8b465ee728b)  -> (artifact id: '69545fd80653edb0fd0eb95e6fc4a195') in 0.021588 seconds 
========================================================================
Received Import Request.
  Time since last request: 0.000023 seconds.
  path: Assets/Prefabs/SoupIngredients/FireFruit.prefab
  artifactKey: Guid(464cc225dbc9427428232950b79e286a) Importer(815301076,1909f56bfc062723c751e8b465ee728b)
Start importing Assets/Prefabs/SoupIngredients/FireFruit.prefab using Guid(464cc225dbc9427428232950b79e286a) Importer(815301076,1909f56bfc062723c751e8b465ee728b)  -> (artifact id: '0cf34e5713d981309a0e21f1d5b60558') in 0.008454 seconds 
========================================================================
Received Import Request.
  Time since last request: 0.000018 seconds.
  path: Assets/Prefabs/SoupIngredients/OceansEssence.fbx
  artifactKey: Guid(6fba975e936a7454aae69043b2f851e9) Importer(815301076,1909f56bfc062723c751e8b465ee728b)
Start importing Assets/Prefabs/SoupIngredients/OceansEssence.fbx using Guid(6fba975e936a7454aae69043b2f851e9) Importer(815301076,1909f56bfc062723c751e8b465ee728b)  -> (artifact id: '5d4f28ead63b64387d3d1a221c34e98d') in 0.015366 seconds 
========================================================================
Received Import Request.
  Time since last request: 0.000018 seconds.
  path: Assets/Prefabs/SoupIngredients/DragonHaunch.prefab
  artifactKey: Guid(6583c29b352bc414aa1a7adcb561f12b) Importer(815301076,1909f56bfc062723c751e8b465ee728b)
Start importing Assets/Prefabs/SoupIngredients/DragonHaunch.prefab using Guid(6583c29b352bc414aa1a7adcb561f12b) Importer(815301076,1909f56bfc062723c751e8b465ee728b)  -> (artifact id: '16a75db5448d1d79416882a31b85a757') in 0.009606 seconds 
Editor requested this worker to shutdown with reason: Scaling down because of idle timeout
AssetImportWorker is now disconnected from the server
Process exiting
Exiting without the bug reporter. Application will terminate with return code 0